<?xml version="1.0" encoding="UTF-8"?>
<testsuite name="org.autosalon.CarModelControllerIT" tests="1" skipped="0" failures="1" errors="0" timestamp="2026-04-02T22:21:44" hostname="ooicnw-FRI-HXX" time="0.459">
  <properties/>
  <testcase name="createModel()" classname="org.autosalon.CarModelControllerIT" time="0.459">
    <failure message="org.opentest4j.AssertionFailedError: expected: &lt;200&gt; but was: &lt;404&gt;" type="org.opentest4j.AssertionFailedError">org.opentest4j.AssertionFailedError: expected: &lt;200&gt; but was: &lt;404&gt;
	at app//org.junit.jupiter.api.AssertionFailureBuilder.build(AssertionFailureBuilder.java:151)
	at app//org.junit.jupiter.api.AssertionFailureBuilder.buildAndThrow(AssertionFailureBuilder.java:132)
	at app//org.junit.jupiter.api.AssertEquals.failNotEqual(AssertEquals.java:197)
	at app//org.junit.jupiter.api.AssertEquals.assertEquals(AssertEquals.java:150)
	at app//org.junit.jupiter.api.AssertEquals.assertEquals(AssertEquals.java:145)
	at app//org.junit.jupiter.api.Assertions.assertEquals(Assertions.java:531)
	at app//org.autosalon.CarModelControllerIT.createModel(CarModelControllerIT.java:33)
	at java.base@21.0.10/jdk.internal.reflect.DirectMethodHandleAccessor.invoke(DirectMethodHandleAccessor.java:103)
	at java.base@21.0.10/java.lang.reflect.Method.invoke(Method.java:580)
	at app//org.junit.platform.commons.util.ReflectionUtils.invokeMethod(ReflectionUtils.java:728)
	at app//org.junit.jupiter.engine.execution.MethodInvocation.proceed(MethodInvocation.java:60)
	at app//org.junit.jupiter.engine.execution.InvocationInterceptorChain$ValidatingInvocation.proceed(InvocationInterceptorChain.java:131)
	at app//org.junit.jupiter.engine.extension.TimeoutExtension.intercept(TimeoutExtension.java:156)
	at app//org.junit.jupiter.engine.extension.TimeoutExtension.interceptTestableMethod(TimeoutExtension.java:147)
	at app//org.junit.jupiter.engine.extension.TimeoutExtension.interceptTestMethod(TimeoutExtension.java:86)
	at app//org.junit.jupiter.engine.execution.InterceptingExecutableInvoker$ReflectiveInterceptorCall.lambda$ofVoidMethod$0(InterceptingExecutableInvoker.java:103)
	at app//org.junit.jupiter.engine.execution.InterceptingExecutableInvoker.lambda$invoke$0(InterceptingExecutableInvoker.java:93)
	at app//org.junit.jupiter.engine.execution.InvocationInterceptorChain$InterceptedInvocation.proceed(InvocationInterceptorChain.java:106)
	at app//org.junit.jupiter.engine.execution.InvocationInterceptorChain.proceed(InvocationInterceptorChain.java:64)
	at app//org.junit.jupiter.engine.execution.InvocationInterceptorChain.chainAndInvoke(InvocationInterceptorChain.java:45)
	at app//org.junit.jupiter.engine.execution.InvocationInterceptorChain.invoke(InvocationInterceptorChain.java:37)
	at app//org.junit.jupiter.engine.execution.InterceptingExecutableInvoker.invoke(InterceptingExecutableInvoker.java:92)
	at app//org.junit.jupiter.engine.execution.InterceptingExecutableInvoker.invoke(InterceptingExecutableInvoker.java:86)
	at app//org.junit.jupiter.engine.descriptor.TestMethodTestDescriptor.lambda$invokeTestMethod$7(TestMethodTestDescriptor.java:218)
	at app//org.junit.platform.engine.support.hierarchical.ThrowableCollector.execute(ThrowableCollector.java:73)
	at app//org.junit.jupiter.engine.descriptor.TestMethodTestDescriptor.invokeTestMethod(TestMethodTestDescriptor.java:214)
	at app//org.junit.jupiter.engine.descriptor.TestMethodTestDescriptor.execute(TestMethodTestDescriptor.java:139)
	at app//org.junit.jupiter.engine.descriptor.TestMethodTestDescriptor.execute(TestMethodTestDescriptor.java:69)
	at app//org.junit.platform.engine.support.hierarchical.NodeTestTask.lambda$executeRecursively$6(NodeTestTask.java:151)
	at app//org.junit.platform.engine.support.hierarchical.ThrowableCollector.execute(ThrowableCollector.java:73)
	at app//org.junit.platform.engine.support.hierarchical.NodeTestTask.lambda$executeRecursively$8(NodeTestTask.java:141)
	at app//org.junit.platform.engine.support.hierarchical.Node.around(Node.java:137)
	at app//org.junit.platform.engine.support.hierarchical.NodeTestTask.lambda$executeRecursively$9(NodeTestTask.java:139)
	at app//org.junit.platform.engine.support.hierarchical.ThrowableCollector.execute(ThrowableCollector.java:73)
	at app//org.junit.platform.engine.support.hierarchical.NodeTestTask.executeRecursively(NodeTestTask.java:138)
	at app//org.junit.platform.engine.support.hierarchical.NodeTestTask.execute(NodeTestTask.java:95)
	at java.base@21.0.10/java.util.ArrayList.forEach(ArrayList.java:1596)
	at app//org.junit.platform.engine.support.hierarchical.SameThreadHierarchicalTestExecutorService.invokeAll(SameThreadHierarchicalTestExecutorService.java:41)
	at app//org.junit.platform.engine.support.hierarchical.NodeTestTask.lambda$executeRecursively$6(NodeTestTask.java:155)
	at app//org.junit.platform.engine.support.hierarchical.ThrowableCollector.execute(ThrowableCollector.java:73)
	at app//org.junit.platform.engine.support.hierarchical.NodeTestTask.lambda$executeRecursively$8(NodeTestTask.java:141)
	at app//org.junit.platform.engine.support.hierarchical.Node.around(Node.java:137)
	at app//org.junit.platform.engine.support.hierarchical.NodeTestTask.lambda$executeRecursively$9(NodeTestTask.java:139)
	at app//org.junit.platform.engine.support.hierarchical.ThrowableCollector.execute(ThrowableCollector.java:73)
	at app//org.junit.platform.engine.support.hierarchical.NodeTestTask.executeRecursively(NodeTestTask.java:138)
	at app//org.junit.platform.engine.support.hierarchical.NodeTestTask.execute(NodeTestTask.java:95)
	at java.base@21.0.10/java.util.ArrayList.forEach(ArrayList.java:1596)
	at app//org.junit.platform.engine.support.hierarchical.SameThreadHierarchicalTestExecutorService.invokeAll(SameThreadHierarchicalTestExecutorService.java:41)
	at app//org.junit.platform.engine.support.hierarchical.NodeTestTask.lambda$executeRecursively$6(NodeTestTask.java:155)
	at app//org.junit.platform.engine.support.hierarchical.ThrowableCollector.execute(ThrowableCollector.java:73)
	at app//org.junit.platform.engine.support.hierarchical.NodeTestTask.lambda$executeRecursively$8(NodeTestTask.java:141)
	at app//org.junit.platform.engine.support.hierarchical.Node.around(Node.java:137)
	at app//org.junit.platform.engine.support.hierarchical.NodeTestTask.lambda$executeRecursively$9(NodeTestTask.java:139)
	at app//org.junit.platform.engine.support.hierarchical.ThrowableCollector.execute(ThrowableCollector.java:73)
	at app//org.junit.platform.engine.support.hierarchical.NodeTestTask.executeRecursively(NodeTestTask.java:138)
	at app//org.junit.platform.engine.support.hierarchical.NodeTestTask.execute(NodeTestTask.java:95)
	at app//org.junit.platform.engine.support.hierarchical.SameThreadHierarchicalTestExecutorService.submit(SameThreadHierarchicalTestExecutorService.java:35)
	at app//org.junit.platform.engine.support.hierarchical.HierarchicalTestExecutor.execute(HierarchicalTestExecutor.java:57)
	at app//org.junit.platform.engine.support.hierarchical.HierarchicalTestEngine.execute(HierarchicalTestEngine.java:54)
	at app//org.junit.platform.launcher.core.EngineExecutionOrchestrator.execute(EngineExecutionOrchestrator.java:107)
	at app//org.junit.platform.launcher.core.EngineExecutionOrchestrator.execute(EngineExecutionOrchestrator.java:88)
	at app//org.junit.platform.launcher.core.EngineExecutionOrchestrator.lambda$execute$0(EngineExecutionOrchestrator.java:54)
	at app//org.junit.platform.launcher.core.EngineExecutionOrchestrator.withInterceptedStreams(EngineExecutionOrchestrator.java:67)
	at app//org.junit.platform.launcher.core.EngineExecutionOrchestrator.execute(EngineExecutionOrchestrator.java:52)
	at app//org.junit.platform.launcher.core.DefaultLauncher.execute(DefaultLauncher.java:114)
	at app//org.junit.platform.launcher.core.DefaultLauncher.execute(DefaultLauncher.java:86)
	at app//org.junit.platform.launcher.core.DefaultLauncherSession$DelegatingLauncher.execute(DefaultLauncherSession.java:86)
	at org.gradle.api.internal.tasks.testing.junitplatform.JUnitPlatformTestClassProcessor$CollectAllTestClassesExecutor.processAllTestClasses(JUnitPlatformTestClassProcessor.java:124)
	at org.gradle.api.internal.tasks.testing.junitplatform.JUnitPlatformTestClassProcessor$CollectAllTestClassesExecutor.access$000(JUnitPlatformTestClassProcessor.java:99)
	at org.gradle.api.internal.tasks.testing.junitplatform.JUnitPlatformTestClassProcessor.stop(JUnitPlatformTestClassProcessor.java:94)
	at org.gradle.api.internal.tasks.testing.SuiteTestClassProcessor.stop(SuiteTestClassProcessor.java:63)
	at java.base@21.0.10/jdk.internal.reflect.DirectMethodHandleAccessor.invoke(DirectMethodHandleAccessor.java:103)
	at java.base@21.0.10/java.lang.reflect.Method.invoke(Method.java:580)
	at org.gradle.internal.dispatch.ReflectionDispatch.dispatch(ReflectionDispatch.java:36)
	at org.gradle.internal.dispatch.ReflectionDispatch.dispatch(ReflectionDispatch.java:24)
	at org.gradle.internal.dispatch.ContextClassLoaderDispatch.dispatch(ContextClassLoaderDispatch.java:33)
	at org.gradle.internal.dispatch.ProxyDispatchAdapter$DispatchingInvocationHandler.invoke(ProxyDispatchAdapter.java:92)
	at jdk.proxy1/jdk.proxy1.$Proxy4.stop(Unknown Source)
	at org.gradle.api.internal.tasks.testing.worker.TestWorker$3.run(TestWorker.java:200)
	at org.gradle.api.internal.tasks.testing.worker.TestWorker.executeAndMaintainThreadName(TestWorker.java:132)
	at org.gradle.api.internal.tasks.testing.worker.TestWorker.execute(TestWorker.java:103)
	at org.gradle.api.internal.tasks.testing.worker.TestWorker.execute(TestWorker.java:63)
	at org.gradle.process.internal.worker.child.ActionExecutionWorker.execute(ActionExecutionWorker.java:56)
	at org.gradle.process.internal.worker.child.SystemApplicationClassLoaderWorker.call(SystemApplicationClassLoaderWorker.java:121)
	at org.gradle.process.internal.worker.child.SystemApplicationClassLoaderWorker.call(SystemApplicationClassLoaderWorker.java:71)
	at app//worker.org.gradle.process.internal.worker.GradleWorkerMain.run(GradleWorkerMain.java:69)
	at app//worker.org.gradle.process.internal.worker.GradleWorkerMain.main(GradleWorkerMain.java:74)
</failure>
  </testcase>
  <system-out><![CDATA[01:21:39.301 [Test worker] INFO org.springframework.test.context.support.AnnotationConfigContextLoaderUtils -- Could not detect default configuration classes for test class [org.autosalon.CarModelControllerIT]: CarModelControllerIT does not declare any static, non-private, non-final, nested classes annotated with @Configuration.
01:21:39.360 [Test worker] INFO org.springframework.boot.test.context.SpringBootTestContextBootstrapper -- Found @SpringBootConfiguration org.autosalon.AutosalonApplication for test class org.autosalon.CarModelControllerIT
01:21:39.432 [Test worker] INFO org.testcontainers.images.PullPolicy -- Image pull policy will be performed by: DefaultPullPolicy()
01:21:39.433 [Test worker] INFO org.testcontainers.utility.ImageNameSubstitutor -- Image name substitution will be performed by: DefaultImageNameSubstitutor (composite of 'ConfigurationFileImageNameSubstitutor' and 'PrefixingImageNameSubstitutor')
01:21:39.654 [Test worker] INFO org.testcontainers.dockerclient.DockerClientProviderStrategy -- Found Docker environment with Environment variables, system properties and defaults. Resolved dockerHost=unix:///var/run/docker.sock
01:21:39.655 [Test worker] INFO org.testcontainers.DockerClientFactory -- Docker host IP address is localhost
01:21:39.669 [Test worker] INFO org.testcontainers.DockerClientFactory -- Connected to docker: 
  Server Version: 28.2.2
  API Version: 1.50
  Operating System: Ubuntu 25.10
  Total Memory: 14657 MB
01:21:39.685 [Test worker] INFO tc.testcontainers/ryuk:0.6.0 -- Creating container for image: testcontainers/ryuk:0.6.0
01:21:39.760 [Test worker] INFO tc.testcontainers/ryuk:0.6.0 -- Container testcontainers/ryuk:0.6.0 is starting: 68833301d57e1a9a90f317fade83fc6517d3dcbc2a6835ea42a0dc81cc2c760b
01:21:39.981 [Test worker] INFO tc.testcontainers/ryuk:0.6.0 -- Container testcontainers/ryuk:0.6.0 started in PT0.296081745S
01:21:39.984 [Test worker] INFO org.testcontainers.utility.RyukResourceReaper -- Ryuk started - will monitor and terminate Testcontainers containers on JVM exit
01:21:39.985 [Test worker] INFO org.testcontainers.DockerClientFactory -- Checking the system...
01:21:39.985 [Test worker] INFO org.testcontainers.DockerClientFactory -- ✔︎ Docker server version should be at least 1.6.0
01:21:39.985 [Test worker] INFO tc.postgres:15 -- Creating container for image: postgres:15
01:21:40.008 [Test worker] INFO tc.postgres:15 -- Container postgres:15 is starting: da4ed934a62f09bc795310c606bb60333a150dd5ffa91726d5f5cec3729b73e6
01:21:40.920 [Test worker] INFO tc.postgres:15 -- Container postgres:15 started in PT0.934508601S
01:21:40.921 [Test worker] INFO tc.postgres:15 -- Container is started (JDBC URL: jdbc:postgresql://localhost:32800/testdb?loggerLevel=OFF)

  .   ____          _            __ _ _
 /\\ / ___'_ __ _ _(_)_ __  __ _ \ \ \ \
( ( )\___ | '_ | '_| | '_ \/ _` | \ \ \ \
 \\/  ___)| |_)| | | | | || (_| |  ) ) ) )
  '  |____| .__|_| |_|_| |_\__, | / / / /
 =========|_|==============|___/=/_/_/_/
 :: Spring Boot ::                (v3.2.5)

2026-04-03T01:21:41.104+03:00  INFO 63090 --- [    Test worker] org.autosalon.CarModelControllerIT       : Starting CarModelControllerIT using Java 21.0.10 with PID 63090 (started by ooicnw in /home/ooicnw/ooicnww_template)
2026-04-03T01:21:41.105+03:00  INFO 63090 --- [    Test worker] org.autosalon.CarModelControllerIT       : The following 1 profile is active: "test"
2026-04-03T01:21:41.507+03:00  INFO 63090 --- [    Test worker] .s.d.r.c.RepositoryConfigurationDelegate : Bootstrapping Spring Data JPA repositories in DEFAULT mode.
2026-04-03T01:21:41.554+03:00  INFO 63090 --- [    Test worker] .s.d.r.c.RepositoryConfigurationDelegate : Finished Spring Data repository scanning in 42 ms. Found 7 JPA repository interfaces.
2026-04-03T01:21:41.846+03:00  INFO 63090 --- [    Test worker] o.s.b.w.embedded.tomcat.TomcatWebServer  : Tomcat initialized with port 0 (http)
2026-04-03T01:21:41.855+03:00  INFO 63090 --- [    Test worker] o.apache.catalina.core.StandardService   : Starting service [Tomcat]
2026-04-03T01:21:41.855+03:00  INFO 63090 --- [    Test worker] o.apache.catalina.core.StandardEngine    : Starting Servlet engine: [Apache Tomcat/10.1.20]
2026-04-03T01:21:41.896+03:00  INFO 63090 --- [    Test worker] o.a.c.c.C.[Tomcat].[localhost].[/]       : Initializing Spring embedded WebApplicationContext
2026-04-03T01:21:41.896+03:00  INFO 63090 --- [    Test worker] w.s.c.ServletWebServerApplicationContext : Root WebApplicationContext: initialization completed in 780 ms
2026-04-03T01:21:41.972+03:00  INFO 63090 --- [    Test worker] com.zaxxer.hikari.HikariDataSource       : HikariPool-1 - Starting...
2026-04-03T01:21:42.070+03:00  INFO 63090 --- [    Test worker] com.zaxxer.hikari.pool.HikariPool        : HikariPool-1 - Added connection org.postgresql.jdbc.PgConnection@7535f28
2026-04-03T01:21:42.071+03:00  INFO 63090 --- [    Test worker] com.zaxxer.hikari.HikariDataSource       : HikariPool-1 - Start completed.
2026-04-03T01:21:42.154+03:00  INFO 63090 --- [    Test worker] liquibase.database                       : Set default schema name to public
2026-04-03T01:21:42.433+03:00  INFO 63090 --- [    Test worker] liquibase.changelog                      : Creating database history table with name: public.databasechangelog
2026-04-03T01:21:42.449+03:00  INFO 63090 --- [    Test worker] liquibase.changelog                      : Reading from public.databasechangelog
2026-04-03T01:21:42.532+03:00  INFO 63090 --- [    Test worker] liquibase.lockservice                    : Successfully acquired change log lock
2026-04-03T01:21:42.534+03:00  INFO 63090 --- [    Test worker] liquibase.command                        : Using deploymentId: 5168502534
2026-04-03T01:21:42.536+03:00  INFO 63090 --- [    Test worker] liquibase.changelog                      : Reading from public.databasechangelog
Running Changeset: db/changelog/db.changelog-master.yaml::1::you
2026-04-03T01:21:42.588+03:00  INFO 63090 --- [    Test worker] liquibase.changelog                      : Table car_models created
2026-04-03T01:21:42.590+03:00  INFO 63090 --- [    Test worker] liquibase.changelog                      : ChangeSet db/changelog/db.changelog-master.yaml::1::you ran successfully in 7ms
Running Changeset: db/changelog/db.changelog-master.yaml::2::you
2026-04-03T01:21:42.598+03:00  INFO 63090 --- [    Test worker] liquibase.changelog                      : Table car_components created
2026-04-03T01:21:42.598+03:00  INFO 63090 --- [    Test worker] liquibase.changelog                      : ChangeSet db/changelog/db.changelog-master.yaml::2::you ran successfully in 3ms
Running Changeset: db/changelog/db.changelog-master.yaml::3::you
2026-04-03T01:21:42.603+03:00  INFO 63090 --- [    Test worker] liquibase.changelog                      : Table component_model created
2026-04-03T01:21:42.605+03:00  INFO 63090 --- [    Test worker] liquibase.changelog                      : Primary key added to component_model (component_id, model_id)
2026-04-03T01:21:42.607+03:00  INFO 63090 --- [    Test worker] liquibase.changelog                      : Foreign key constraint added to component_model (component_id)
2026-04-03T01:21:42.608+03:00  INFO 63090 --- [    Test worker] liquibase.changelog                      : Foreign key constraint added to component_model (model_id)
2026-04-03T01:21:42.609+03:00  INFO 63090 --- [    Test worker] liquibase.changelog                      : ChangeSet db/changelog/db.changelog-master.yaml::3::you ran successfully in 6ms
Running Changeset: db/changelog/db.changelog-master.yaml::4::you
2026-04-03T01:21:42.614+03:00  INFO 63090 --- [    Test worker] liquibase.changelog                      : Table cars created
2026-04-03T01:21:42.616+03:00  INFO 63090 --- [    Test worker] liquibase.changelog                      : Foreign key constraint added to cars (model_id)
2026-04-03T01:21:42.616+03:00  INFO 63090 --- [    Test worker] liquibase.changelog                      : ChangeSet db/changelog/db.changelog-master.yaml::4::you ran successfully in 4ms
Running Changeset: db/changelog/db.changelog-master.yaml::5::you
2026-04-03T01:21:42.622+03:00  INFO 63090 --- [    Test worker] liquibase.changelog                      : Table car_configurations created
2026-04-03T01:21:42.623+03:00  INFO 63090 --- [    Test worker] liquibase.changelog                      : Foreign key constraint added to car_configurations (model_id)
2026-04-03T01:21:42.624+03:00  INFO 63090 --- [    Test worker] liquibase.changelog                      : ChangeSet db/changelog/db.changelog-master.yaml::5::you ran successfully in 5ms
Running Changeset: db/changelog/db.changelog-master.yaml::6::you
2026-04-03T01:21:42.632+03:00  INFO 63090 --- [    Test worker] liquibase.changelog                      : Table configuration_components created
2026-04-03T01:21:42.634+03:00  INFO 63090 --- [    Test worker] liquibase.changelog                      : Unique constraint added to configuration_components(configuration_id, type)
2026-04-03T01:21:42.635+03:00  INFO 63090 --- [    Test worker] liquibase.changelog                      : Foreign key constraint added to configuration_components (configuration_id)
2026-04-03T01:21:42.636+03:00  INFO 63090 --- [    Test worker] liquibase.changelog                      : Foreign key constraint added to configuration_components (component_id)
2026-04-03T01:21:42.636+03:00  INFO 63090 --- [    Test worker] liquibase.changelog                      : ChangeSet db/changelog/db.changelog-master.yaml::6::you ran successfully in 8ms
Running Changeset: db/changelog/db.changelog-master.yaml::7::you
2026-04-03T01:21:42.643+03:00  INFO 63090 --- [    Test worker] liquibase.changelog                      : Table car_model_default_components created
2026-04-03T01:21:42.644+03:00  INFO 63090 --- [    Test worker] liquibase.changelog                      : Unique constraint added to car_model_default_components(model_id, type)
2026-04-03T01:21:42.645+03:00  INFO 63090 --- [    Test worker] liquibase.changelog                      : Foreign key constraint added to car_model_default_components (model_id)
2026-04-03T01:21:42.646+03:00  INFO 63090 --- [    Test worker] liquibase.changelog                      : Foreign key constraint added to car_model_default_components (component_id)
2026-04-03T01:21:42.647+03:00  INFO 63090 --- [    Test worker] liquibase.changelog                      : ChangeSet db/changelog/db.changelog-master.yaml::7::you ran successfully in 6ms
Running Changeset: db/changelog/db.changelog-master.yaml::8::you
2026-04-03T01:21:42.655+03:00  INFO 63090 --- [    Test worker] liquibase.changelog                      : Table users created
2026-04-03T01:21:42.656+03:00  INFO 63090 --- [    Test worker] liquibase.changelog                      : ChangeSet db/changelog/db.changelog-master.yaml::8::you ran successfully in 5ms
Running Changeset: db/changelog/db.changelog-master.yaml::9::you
2026-04-03T01:21:42.668+03:00  INFO 63090 --- [    Test worker] liquibase.changelog                      : Table orders created
2026-04-03T01:21:42.669+03:00  INFO 63090 --- [    Test worker] liquibase.changelog                      : Foreign key constraint added to orders (client_id)
2026-04-03T01:21:42.671+03:00  INFO 63090 --- [    Test worker] liquibase.changelog                      : Foreign key constraint added to orders (manager_id)
2026-04-03T01:21:42.674+03:00  INFO 63090 --- [    Test worker] liquibase.changelog                      : Foreign key constraint added to orders (car_id)
2026-04-03T01:21:42.675+03:00  INFO 63090 --- [    Test worker] liquibase.changelog                      : Foreign key constraint added to orders (configuration_id)
2026-04-03T01:21:42.676+03:00  INFO 63090 --- [    Test worker] liquibase.changelog                      : ChangeSet db/changelog/db.changelog-master.yaml::9::you ran successfully in 14ms
Running Changeset: db/changelog/db.changelog-master.yaml::10::you
2026-04-03T01:21:42.683+03:00  INFO 63090 --- [    Test worker] liquibase.changelog                      : Table test_requests created
2026-04-03T01:21:42.685+03:00  INFO 63090 --- [    Test worker] liquibase.changelog                      : Foreign key constraint added to test_requests (client_id)
2026-04-03T01:21:42.686+03:00  INFO 63090 --- [    Test worker] liquibase.changelog                      : Foreign key constraint added to test_requests (car_id)
2026-04-03T01:21:42.686+03:00  INFO 63090 --- [    Test worker] liquibase.changelog                      : ChangeSet db/changelog/db.changelog-master.yaml::10::you ran successfully in 5ms
Running Changeset: db/changelog/db.changelog-master.yaml::11::you
2026-04-03T01:21:42.695+03:00  INFO 63090 --- [    Test worker] liquibase.changelog                      : New row inserted into car_models
2026-04-03T01:21:42.696+03:00  INFO 63090 --- [    Test worker] liquibase.changelog                      : New row inserted into car_components
2026-04-03T01:21:42.698+03:00  INFO 63090 --- [    Test worker] liquibase.changelog                      : New row inserted into car_components
2026-04-03T01:21:42.699+03:00  INFO 63090 --- [    Test worker] liquibase.changelog                      : New row inserted into car_components
2026-04-03T01:21:42.699+03:00  INFO 63090 --- [    Test worker] liquibase.changelog                      : New row inserted into car_components
2026-04-03T01:21:42.700+03:00  INFO 63090 --- [    Test worker] liquibase.changelog                      : New row inserted into component_model
2026-04-03T01:21:42.701+03:00  INFO 63090 --- [    Test worker] liquibase.changelog                      : New row inserted into component_model
2026-04-03T01:21:42.702+03:00  INFO 63090 --- [    Test worker] liquibase.changelog                      : New row inserted into component_model
2026-04-03T01:21:42.702+03:00  INFO 63090 --- [    Test worker] liquibase.changelog                      : New row inserted into component_model
2026-04-03T01:21:42.703+03:00  INFO 63090 --- [    Test worker] liquibase.changelog                      : New row inserted into car_model_default_components
2026-04-03T01:21:42.704+03:00  INFO 63090 --- [    Test worker] liquibase.changelog                      : New row inserted into car_model_default_components
2026-04-03T01:21:42.705+03:00  INFO 63090 --- [    Test worker] liquibase.changelog                      : New row inserted into car_model_default_components
2026-04-03T01:21:42.706+03:00  INFO 63090 --- [    Test worker] liquibase.changelog                      : New row inserted into car_model_default_components
2026-04-03T01:21:42.707+03:00  INFO 63090 --- [    Test worker] liquibase.changelog                      : New row inserted into users
2026-04-03T01:21:42.707+03:00  INFO 63090 --- [    Test worker] liquibase.changelog                      : New row inserted into users
2026-04-03T01:21:42.708+03:00  INFO 63090 --- [    Test worker] liquibase.changelog                      : New row inserted into cars
2026-04-03T01:21:42.709+03:00  INFO 63090 --- [    Test worker] liquibase.changelog                      : ChangeSet db/changelog/db.changelog-master.yaml::11::you ran successfully in 16ms
2026-04-03T01:21:42.713+03:00  INFO 63090 --- [    Test worker] liquibase.util                           : UPDATE SUMMARY
2026-04-03T01:21:42.714+03:00  INFO 63090 --- [    Test worker] liquibase.util                           : Run:                         11
2026-04-03T01:21:42.714+03:00  INFO 63090 --- [    Test worker] liquibase.util                           : Previously run:               0
2026-04-03T01:21:42.714+03:00  INFO 63090 --- [    Test worker] liquibase.util                           : Filtered out:                 0
2026-04-03T01:21:42.714+03:00  INFO 63090 --- [    Test worker] liquibase.util                           : -------------------------------
2026-04-03T01:21:42.714+03:00  INFO 63090 --- [    Test worker] liquibase.util                           : Total change sets:           11
2026-04-03T01:21:42.714+03:00  INFO 63090 --- [    Test worker] liquibase.util                           : Update summary generated
2026-04-03T01:21:42.715+03:00  INFO 63090 --- [    Test worker] liquibase.command                        : Update command completed successfully.
Liquibase: Update has been successful. Rows affected: 27
2026-04-03T01:21:42.718+03:00  INFO 63090 --- [    Test worker] liquibase.lockservice                    : Successfully released change log lock
2026-04-03T01:21:42.718+03:00  INFO 63090 --- [    Test worker] liquibase.command                        : Command execution complete
2026-04-03T01:21:42.777+03:00  INFO 63090 --- [    Test worker] o.hibernate.jpa.internal.util.LogHelper  : HHH000204: Processing PersistenceUnitInfo [name: default]
2026-04-03T01:21:42.807+03:00  INFO 63090 --- [    Test worker] org.hibernate.Version                    : HHH000412: Hibernate ORM core version 6.4.4.Final
2026-04-03T01:21:42.826+03:00  INFO 63090 --- [    Test worker] o.h.c.internal.RegionFactoryInitiator    : HHH000026: Second-level cache disabled
2026-04-03T01:21:42.940+03:00  INFO 63090 --- [    Test worker] o.s.o.j.p.SpringPersistenceUnitInfo      : No LoadTimeWeaver setup: ignoring JPA class transformer
2026-04-03T01:21:43.497+03:00  INFO 63090 --- [    Test worker] o.h.e.t.j.p.i.JtaPlatformInitiator       : HHH000489: No JTA platform available (set 'hibernate.transaction.jta.platform' to enable JTA platform integration)
2026-04-03T01:21:43.499+03:00  INFO 63090 --- [    Test worker] j.LocalContainerEntityManagerFactoryBean : Initialized JPA EntityManagerFactory for persistence unit 'default'
2026-04-03T01:21:43.797+03:00  WARN 63090 --- [    Test worker] JpaBaseConfiguration$JpaWebConfiguration : spring.jpa.open-in-view is enabled by default. Therefore, database queries may be performed during view rendering. Explicitly configure spring.jpa.open-in-view to disable this warning
2026-04-03T01:21:44.102+03:00  INFO 63090 --- [    Test worker] o.s.b.w.embedded.tomcat.TomcatWebServer  : Tomcat started on port 35857 (http) with context path ''
2026-04-03T01:21:44.108+03:00  INFO 63090 --- [    Test worker] org.autosalon.CarModelControllerIT       : Started CarModelControllerIT in 3.169 seconds (process running for 5.262)
2026-04-03T01:21:44.518+03:00  INFO 63090 --- [o-auto-1-exec-1] o.a.c.c.C.[Tomcat].[localhost].[/]       : Initializing Spring DispatcherServlet 'dispatcherServlet'
2026-04-03T01:21:44.519+03:00  INFO 63090 --- [o-auto-1-exec-1] o.s.web.servlet.DispatcherServlet        : Initializing Servlet 'dispatcherServlet'
2026-04-03T01:21:44.520+03:00  INFO 63090 --- [o-auto-1-exec-1] o.s.web.servlet.DispatcherServlet        : Completed initialization in 1 ms
404 NOT_FOUND
{"timestamp":"2026-04-02T22:21:44.544+00:00","status":404,"error":"Not Found","path":"/models"}
]]></system-out>
  <system-err><![CDATA[WARNING: A Java agent has been loaded dynamically (/home/ooicnw/.gradle/caches/modules-2/files-2.1/net.bytebuddy/byte-buddy-agent/1.14.13/979ce25f7d3096a2e82214ba7dc972a05ce7a171/byte-buddy-agent-1.14.13.jar)
WARNING: If a serviceability tool is in use, please run with -XX:+EnableDynamicAgentLoading to hide this warning
WARNING: If a serviceability tool is not in use, please run with -Djdk.instrument.traceUsage for more information
WARNING: Dynamic loading of agents will be disallowed by default in a future release
]]></system-err>
</testsuite>
